Mensaje I / 00:00:00:000 / Root(00) para top(01)
Mensaje I / 00:00:00:000 / top(01) para comparer(02)
Mensaje D / 00:00:00:000 / comparer(02) / ... para top(01)
Mensaje D / 00:00:00:000 / top(01) / ... para Root(00)
Mensaje X / 00:00:10:000 / Root(00) / in0 /      1.00000 para top(01)
Mensaje X / 00:00:10:000 / top(01) / playgame /      1.00000 para comparer(02)
Mensaje D / 00:00:10:000 / comparer(02) / 00:00:00:000 para top(01)
Mensaje D / 00:00:10:000 / top(01) / 00:00:00:000 para Root(00)
Mensaje * / 00:00:10:000 / Root(00) para top(01)
Mensaje * / 00:00:10:000 / top(01) para comparer(02)
Mensaje Y / 00:00:10:000 / comparer(02) / playgame1 /      1.00000 para top(01)
Mensaje Y / 00:00:10:000 / comparer(02) / playgame2 /      1.00000 para top(01)
Mensaje D / 00:00:10:000 / comparer(02) / ... para top(01)
Mensaje Y / 00:00:10:000 / top(01) / out1 /      1.00000 para Root(00)
Mensaje Y / 00:00:10:000 / top(01) / out2 /      1.00000 para Root(00)
Mensaje D / 00:00:10:000 / top(01) / ... para Root(00)
Mensaje X / 00:00:12:000 / Root(00) / in1 /      1.00000 para top(01)
Mensaje X / 00:00:12:000 / top(01) / gameaction1 /      1.00000 para comparer(02)
Mensaje D / 00:00:12:000 / comparer(02) / 00:00:00:000 para top(01)
Mensaje D / 00:00:12:000 / top(01) / 00:00:00:000 para Root(00)
Mensaje X / 00:00:12:000 / Root(00) / in2 /      2.00000 para top(01)
Mensaje X / 00:00:12:000 / top(01) / gameaction2 /      2.00000 para comparer(02)
Mensaje D / 00:00:12:000 / comparer(02) / 00:00:00:000 para top(01)
Mensaje D / 00:00:12:000 / top(01) / 00:00:00:000 para Root(00)
Mensaje * / 00:00:12:000 / Root(00) para top(01)
Mensaje * / 00:00:12:000 / top(01) para comparer(02)
Mensaje Y / 00:00:12:000 / comparer(02) / winreport /      2.00000 para top(01)
Mensaje D / 00:00:12:000 / comparer(02) / ... para top(01)
Mensaje Y / 00:00:12:000 / top(01) / out3 /      2.00000 para Root(00)
Mensaje D / 00:00:12:000 / top(01) / ... para Root(00)
Mensaje X / 00:00:13:000 / Root(00) / in0 /      1.00000 para top(01)
Mensaje X / 00:00:13:000 / top(01) / playgame /      1.00000 para comparer(02)
Mensaje D / 00:00:13:000 / comparer(02) / 00:00:00:000 para top(01)
Mensaje D / 00:00:13:000 / top(01) / 00:00:00:000 para Root(00)
Mensaje * / 00:00:13:000 / Root(00) para top(01)
Mensaje * / 00:00:13:000 / top(01) para comparer(02)
Mensaje Y / 00:00:13:000 / comparer(02) / playgame1 /      1.00000 para top(01)
Mensaje Y / 00:00:13:000 / comparer(02) / playgame2 /      1.00000 para top(01)
Mensaje D / 00:00:13:000 / comparer(02) / ... para top(01)
Mensaje Y / 00:00:13:000 / top(01) / out1 /      1.00000 para Root(00)
Mensaje Y / 00:00:13:000 / top(01) / out2 /      1.00000 para Root(00)
Mensaje D / 00:00:13:000 / top(01) / ... para Root(00)
Mensaje X / 00:00:14:000 / Root(00) / in1 /      3.00000 para top(01)
Mensaje X / 00:00:14:000 / top(01) / gameaction1 /      3.00000 para comparer(02)
Mensaje D / 00:00:14:000 / comparer(02) / 00:00:00:000 para top(01)
Mensaje D / 00:00:14:000 / top(01) / 00:00:00:000 para Root(00)
Mensaje * / 00:00:14:000 / Root(00) para top(01)
Mensaje * / 00:00:14:000 / top(01) para comparer(02)
Mensaje D / 00:00:14:000 / comparer(02) / ... para top(01)
Mensaje D / 00:00:14:000 / top(01) / ... para Root(00)
Mensaje X / 00:00:15:000 / Root(00) / in2 /      2.00000 para top(01)
Mensaje X / 00:00:15:000 / top(01) / gameaction2 /      2.00000 para comparer(02)
Mensaje D / 00:00:15:000 / comparer(02) / 00:00:00:000 para top(01)
Mensaje D / 00:00:15:000 / top(01) / 00:00:00:000 para Root(00)
Mensaje * / 00:00:15:000 / Root(00) para top(01)
Mensaje * / 00:00:15:000 / top(01) para comparer(02)
Mensaje Y / 00:00:15:000 / comparer(02) / winreport /      1.00000 para top(01)
Mensaje D / 00:00:15:000 / comparer(02) / ... para top(01)
Mensaje Y / 00:00:15:000 / top(01) / out3 /      1.00000 para Root(00)
Mensaje D / 00:00:15:000 / top(01) / ... para Root(00)
