Mensaje I / 00:00:00:000 / Root(00) para top(01)
Mensaje I / 00:00:00:000 / top(01) para requestreceiver(02)
Mensaje I / 00:00:00:000 / top(01) para actionmaker(03)
Mensaje D / 00:00:00:000 / requestreceiver(02) / ... para top(01)
Mensaje D / 00:00:00:000 / actionmaker(03) / ... para top(01)
Mensaje D / 00:00:00:000 / top(01) / ... para Root(00)
Mensaje X / 00:00:10:000 / Root(00) / in /      1.00000 para top(01)
Mensaje X / 00:00:10:000 / top(01) / in /      1.00000 para requestreceiver(02)
Mensaje D / 00:00:10:000 / requestreceiver(02) / 00:00:01:000 para top(01)
Mensaje D / 00:00:10:000 / top(01) / 00:00:01:000 para Root(00)
Mensaje * / 00:00:11:000 / Root(00) para top(01)
Mensaje * / 00:00:11:000 / top(01) para requestreceiver(02)
Mensaje Y / 00:00:11:000 / requestreceiver(02) / out /      1.00000 para top(01)
Mensaje D / 00:00:11:000 / requestreceiver(02) / ... para top(01)
Mensaje X / 00:00:11:000 / top(01) / in /      1.00000 para actionmaker(03)
Mensaje D / 00:00:11:000 / actionmaker(03) / 00:00:00:500 para top(01)
Mensaje D / 00:00:11:000 / top(01) / 00:00:00:500 para Root(00)
Mensaje * / 00:00:11:500 / Root(00) para top(01)
Mensaje * / 00:00:11:500 / top(01) para actionmaker(03)
Mensaje Y / 00:00:11:500 / actionmaker(03) / out /      1.00000 para top(01)
Mensaje D / 00:00:11:500 / actionmaker(03) / ... para top(01)
Mensaje Y / 00:00:11:500 / top(01) / out /      1.00000 para Root(00)
Mensaje D / 00:00:11:500 / top(01) / ... para Root(00)
Mensaje X / 00:00:12:000 / Root(00) / in /      1.00000 para top(01)
Mensaje X / 00:00:12:000 / top(01) / in /      1.00000 para requestreceiver(02)
Mensaje D / 00:00:12:000 / requestreceiver(02) / 00:00:01:000 para top(01)
Mensaje D / 00:00:12:000 / top(01) / 00:00:01:000 para Root(00)
Mensaje X / 00:00:13:000 / Root(00) / in /      1.00000 para top(01)
Mensaje X / 00:00:13:000 / top(01) / in /      1.00000 para requestreceiver(02)
Mensaje D / 00:00:13:000 / requestreceiver(02) / 00:00:01:000 para top(01)
Mensaje D / 00:00:13:000 / top(01) / 00:00:01:000 para Root(00)
Mensaje * / 00:00:14:000 / Root(00) para top(01)
Mensaje * / 00:00:14:000 / top(01) para requestreceiver(02)
Mensaje Y / 00:00:14:000 / requestreceiver(02) / out /      1.00000 para top(01)
Mensaje D / 00:00:14:000 / requestreceiver(02) / ... para top(01)
Mensaje X / 00:00:14:000 / top(01) / in /      1.00000 para actionmaker(03)
Mensaje D / 00:00:14:000 / actionmaker(03) / 00:00:00:500 para top(01)
Mensaje D / 00:00:14:000 / top(01) / 00:00:00:500 para Root(00)
Mensaje * / 00:00:14:500 / Root(00) para top(01)
Mensaje * / 00:00:14:500 / top(01) para actionmaker(03)
Mensaje Y / 00:00:14:500 / actionmaker(03) / out /      1.00000 para top(01)
Mensaje D / 00:00:14:500 / actionmaker(03) / ... para top(01)
Mensaje Y / 00:00:14:500 / top(01) / out /      1.00000 para Root(00)
Mensaje D / 00:00:14:500 / top(01) / ... para Root(00)
Mensaje X / 00:00:15:000 / Root(00) / in /      1.00000 para top(01)
Mensaje X / 00:00:15:000 / top(01) / in /      1.00000 para requestreceiver(02)
Mensaje D / 00:00:15:000 / requestreceiver(02) / 00:00:01:000 para top(01)
Mensaje D / 00:00:15:000 / top(01) / 00:00:01:000 para Root(00)
Mensaje * / 00:00:16:000 / Root(00) para top(01)
Mensaje * / 00:00:16:000 / top(01) para requestreceiver(02)
Mensaje Y / 00:00:16:000 / requestreceiver(02) / out /      1.00000 para top(01)
Mensaje D / 00:00:16:000 / requestreceiver(02) / ... para top(01)
Mensaje X / 00:00:16:000 / top(01) / in /      1.00000 para actionmaker(03)
Mensaje D / 00:00:16:000 / actionmaker(03) / 00:00:00:500 para top(01)
Mensaje D / 00:00:16:000 / top(01) / 00:00:00:500 para Root(00)
Mensaje * / 00:00:16:500 / Root(00) para top(01)
Mensaje * / 00:00:16:500 / top(01) para actionmaker(03)
Mensaje Y / 00:00:16:500 / actionmaker(03) / out /      2.00000 para top(01)
Mensaje D / 00:00:16:500 / actionmaker(03) / ... para top(01)
Mensaje Y / 00:00:16:500 / top(01) / out /      2.00000 para Root(00)
Mensaje D / 00:00:16:500 / top(01) / ... para Root(00)
