Mensaje I / 00:00:00:000 / Root(00) para top(01)
Mensaje I / 00:00:00:000 / top(01) para requestreceiver(02)
Mensaje D / 00:00:00:000 / requestreceiver(02) / ... para top(01)
Mensaje D / 00:00:00:000 / top(01) / ... para Root(00)
Mensaje X / 00:00:10:000 / Root(00) / in /      1.00000 para top(01)
Mensaje X / 00:00:10:000 / top(01) / in /      1.00000 para requestreceiver(02)
Mensaje D / 00:00:10:000 / requestreceiver(02) / 00:00:01:000 para top(01)
Mensaje D / 00:00:10:000 / top(01) / 00:00:01:000 para Root(00)
Mensaje * / 00:00:11:000 / Root(00) para top(01)
Mensaje * / 00:00:11:000 / top(01) para requestreceiver(02)
Mensaje Y / 00:00:11:000 / requestreceiver(02) / out /      1.00000 para top(01)
Mensaje D / 00:00:11:000 / requestreceiver(02) / ... para top(01)
Mensaje Y / 00:00:11:000 / top(01) / out /      1.00000 para Root(00)
Mensaje D / 00:00:11:000 / top(01) / ... para Root(00)
Mensaje X / 00:00:15:000 / Root(00) / in /      1.00000 para top(01)
Mensaje X / 00:00:15:000 / top(01) / in /      1.00000 para requestreceiver(02)
Mensaje D / 00:00:15:000 / requestreceiver(02) / 00:00:01:000 para top(01)
Mensaje D / 00:00:15:000 / top(01) / 00:00:01:000 para Root(00)
Mensaje X / 00:00:15:020 / Root(00) / in /      1.00000 para top(01)
Mensaje X / 00:00:15:020 / top(01) / in /      1.00000 para requestreceiver(02)
Mensaje D / 00:00:15:020 / requestreceiver(02) / 00:00:01:000 para top(01)
Mensaje D / 00:00:15:020 / top(01) / 00:00:01:000 para Root(00)
Mensaje * / 00:00:16:020 / Root(00) para top(01)
Mensaje * / 00:00:16:020 / top(01) para requestreceiver(02)
Mensaje Y / 00:00:16:020 / requestreceiver(02) / out /      1.00000 para top(01)
Mensaje D / 00:00:16:020 / requestreceiver(02) / ... para top(01)
Mensaje Y / 00:00:16:020 / top(01) / out /      1.00000 para Root(00)
Mensaje D / 00:00:16:020 / top(01) / ... para Root(00)
Mensaje X / 00:00:30:000 / Root(00) / in /      1.00000 para top(01)
Mensaje X / 00:00:30:000 / top(01) / in /      1.00000 para requestreceiver(02)
Mensaje D / 00:00:30:000 / requestreceiver(02) / 00:00:01:000 para top(01)
Mensaje D / 00:00:30:000 / top(01) / 00:00:01:000 para Root(00)
Mensaje * / 00:00:31:000 / Root(00) para top(01)
Mensaje * / 00:00:31:000 / top(01) para requestreceiver(02)
Mensaje Y / 00:00:31:000 / requestreceiver(02) / out /      1.00000 para top(01)
Mensaje D / 00:00:31:000 / requestreceiver(02) / ... para top(01)
Mensaje Y / 00:00:31:000 / top(01) / out /      1.00000 para Root(00)
Mensaje D / 00:00:31:000 / top(01) / ... para Root(00)
Mensaje X / 00:00:35:000 / Root(00) / in /      1.00000 para top(01)
Mensaje X / 00:00:35:000 / top(01) / in /      1.00000 para requestreceiver(02)
Mensaje D / 00:00:35:000 / requestreceiver(02) / 00:00:01:000 para top(01)
Mensaje D / 00:00:35:000 / top(01) / 00:00:01:000 para Root(00)
Mensaje X / 00:00:35:050 / Root(00) / in /      1.00000 para top(01)
Mensaje X / 00:00:35:050 / top(01) / in /      1.00000 para requestreceiver(02)
Mensaje D / 00:00:35:050 / requestreceiver(02) / 00:00:01:000 para top(01)
Mensaje D / 00:00:35:050 / top(01) / 00:00:01:000 para Root(00)
Mensaje * / 00:00:36:050 / Root(00) para top(01)
Mensaje * / 00:00:36:050 / top(01) para requestreceiver(02)
Mensaje Y / 00:00:36:050 / requestreceiver(02) / out /      1.00000 para top(01)
Mensaje D / 00:00:36:050 / requestreceiver(02) / ... para top(01)
Mensaje Y / 00:00:36:050 / top(01) / out /      1.00000 para Root(00)
Mensaje D / 00:00:36:050 / top(01) / ... para Root(00)
Mensaje X / 00:00:40:000 / Root(00) / in /      1.00000 para top(01)
Mensaje X / 00:00:40:000 / top(01) / in /      1.00000 para requestreceiver(02)
Mensaje D / 00:00:40:000 / requestreceiver(02) / 00:00:01:000 para top(01)
Mensaje D / 00:00:40:000 / top(01) / 00:00:01:000 para Root(00)
Mensaje * / 00:00:41:000 / Root(00) para top(01)
Mensaje * / 00:00:41:000 / top(01) para requestreceiver(02)
Mensaje Y / 00:00:41:000 / requestreceiver(02) / out /      1.00000 para top(01)
Mensaje D / 00:00:41:000 / requestreceiver(02) / ... para top(01)
Mensaje Y / 00:00:41:000 / top(01) / out /      1.00000 para Root(00)
Mensaje D / 00:00:41:000 / top(01) / ... para Root(00)
