Mensaje I / 00:00:00:000 / Root(00) para top(01)
Mensaje I / 00:00:00:000 / top(01) para comparer(02)
Mensaje I / 00:00:00:000 / top(01) para player1(03)
Mensaje I / 00:00:00:000 / top(01) para player2(06)
Mensaje D / 00:00:00:000 / comparer(02) / ... para top(01)
Mensaje I / 00:00:00:000 / player1(03) para requestreceiver1(04)
Mensaje I / 00:00:00:000 / player1(03) para actionmaker1(05)
Mensaje I / 00:00:00:000 / player2(06) para requestreceiver2(07)
Mensaje I / 00:00:00:000 / player2(06) para actionmaker2(08)
Mensaje D / 00:00:00:000 / requestreceiver1(04) / ... para player1(03)
Mensaje D / 00:00:00:000 / actionmaker1(05) / ... para player1(03)
Mensaje D / 00:00:00:000 / requestreceiver2(07) / ... para player2(06)
Mensaje D / 00:00:00:000 / actionmaker2(08) / ... para player2(06)
Mensaje D / 00:00:00:000 / player1(03) / ... para top(01)
Mensaje D / 00:00:00:000 / player2(06) / ... para top(01)
Mensaje D / 00:00:00:000 / top(01) / ... para Root(00)
Mensaje X / 00:00:10:000 / Root(00) / in /      1.00000 para top(01)
Mensaje X / 00:00:10:000 / top(01) / playgame /      1.00000 para comparer(02)
Mensaje D / 00:00:10:000 / comparer(02) / 00:00:00:000 para top(01)
Mensaje D / 00:00:10:000 / top(01) / 00:00:00:000 para Root(00)
Mensaje * / 00:00:10:000 / Root(00) para top(01)
Mensaje * / 00:00:10:000 / top(01) para comparer(02)
Mensaje Y / 00:00:10:000 / comparer(02) / playgame1 /      1.00000 para top(01)
Mensaje Y / 00:00:10:000 / comparer(02) / playgame2 /      1.00000 para top(01)
Mensaje D / 00:00:10:000 / comparer(02) / ... para top(01)
Mensaje X / 00:00:10:000 / top(01) / in /      1.00000 para player1(03)
Mensaje X / 00:00:10:000 / top(01) / in /      1.00000 para player2(06)
Mensaje X / 00:00:10:000 / player1(03) / in /      1.00000 para requestreceiver1(04)
Mensaje X / 00:00:10:000 / player2(06) / in /      1.00000 para requestreceiver2(07)
Mensaje D / 00:00:10:000 / requestreceiver1(04) / 00:00:01:000 para player1(03)
Mensaje D / 00:00:10:000 / requestreceiver2(07) / 00:00:01:000 para player2(06)
Mensaje D / 00:00:10:000 / player1(03) / 00:00:01:000 para top(01)
Mensaje D / 00:00:10:000 / player2(06) / 00:00:01:000 para top(01)
Mensaje D / 00:00:10:000 / top(01) / 00:00:01:000 para Root(00)
Mensaje * / 00:00:11:000 / Root(00) para top(01)
Mensaje * / 00:00:11:000 / top(01) para player1(03)
Mensaje * / 00:00:11:000 / player1(03) para requestreceiver1(04)
Mensaje Y / 00:00:11:000 / requestreceiver1(04) / out /      1.00000 para player1(03)
Mensaje D / 00:00:11:000 / requestreceiver1(04) / ... para player1(03)
Mensaje X / 00:00:11:000 / player1(03) / in /      1.00000 para actionmaker1(05)
Mensaje D / 00:00:11:000 / actionmaker1(05) / 00:00:00:500 para player1(03)
Mensaje D / 00:00:11:000 / player1(03) / 00:00:00:500 para top(01)
Mensaje D / 00:00:11:000 / top(01) / 00:00:00:000 para Root(00)
Mensaje * / 00:00:11:000 / Root(00) para top(01)
Mensaje * / 00:00:11:000 / top(01) para player2(06)
Mensaje * / 00:00:11:000 / player2(06) para requestreceiver2(07)
Mensaje Y / 00:00:11:000 / requestreceiver2(07) / out /      1.00000 para player2(06)
Mensaje D / 00:00:11:000 / requestreceiver2(07) / ... para player2(06)
Mensaje X / 00:00:11:000 / player2(06) / in /      1.00000 para actionmaker2(08)
Mensaje D / 00:00:11:000 / actionmaker2(08) / 00:00:00:500 para player2(06)
Mensaje D / 00:00:11:000 / player2(06) / 00:00:00:500 para top(01)
Mensaje D / 00:00:11:000 / top(01) / 00:00:00:500 para Root(00)
Mensaje * / 00:00:11:500 / Root(00) para top(01)
Mensaje * / 00:00:11:500 / top(01) para player1(03)
Mensaje * / 00:00:11:500 / player1(03) para actionmaker1(05)
Mensaje Y / 00:00:11:500 / actionmaker1(05) / out /      1.00000 para player1(03)
Mensaje D / 00:00:11:500 / actionmaker1(05) / ... para player1(03)
Mensaje Y / 00:00:11:500 / player1(03) / out /      1.00000 para top(01)
Mensaje D / 00:00:11:500 / player1(03) / ... para top(01)
Mensaje X / 00:00:11:500 / top(01) / gameaction1 /      1.00000 para comparer(02)
Mensaje D / 00:00:11:500 / comparer(02) / 00:00:00:000 para top(01)
Mensaje D / 00:00:11:500 / top(01) / 00:00:00:000 para Root(00)
Mensaje * / 00:00:11:500 / Root(00) para top(01)
Mensaje * / 00:00:11:500 / top(01) para comparer(02)
Mensaje D / 00:00:11:500 / comparer(02) / ... para top(01)
Mensaje D / 00:00:11:500 / top(01) / 00:00:00:000 para Root(00)
Mensaje * / 00:00:11:500 / Root(00) para top(01)
Mensaje * / 00:00:11:500 / top(01) para player2(06)
Mensaje * / 00:00:11:500 / player2(06) para actionmaker2(08)
Mensaje Y / 00:00:11:500 / actionmaker2(08) / out /      2.00000 para player2(06)
Mensaje D / 00:00:11:500 / actionmaker2(08) / ... para player2(06)
Mensaje Y / 00:00:11:500 / player2(06) / out /      2.00000 para top(01)
Mensaje D / 00:00:11:500 / player2(06) / ... para top(01)
Mensaje X / 00:00:11:500 / top(01) / gameaction2 /      2.00000 para comparer(02)
Mensaje D / 00:00:11:500 / comparer(02) / 00:00:00:000 para top(01)
Mensaje D / 00:00:11:500 / top(01) / 00:00:00:000 para Root(00)
Mensaje * / 00:00:11:500 / Root(00) para top(01)
Mensaje * / 00:00:11:500 / top(01) para comparer(02)
Mensaje Y / 00:00:11:500 / comparer(02) / winreport /      2.00000 para top(01)
Mensaje D / 00:00:11:500 / comparer(02) / ... para top(01)
Mensaje Y / 00:00:11:500 / top(01) / out /      2.00000 para Root(00)
Mensaje D / 00:00:11:500 / top(01) / ... para Root(00)
Mensaje X / 00:00:13:000 / Root(00) / in /      1.00000 para top(01)
Mensaje X / 00:00:13:000 / top(01) / playgame /      1.00000 para comparer(02)
Mensaje D / 00:00:13:000 / comparer(02) / 00:00:00:000 para top(01)
Mensaje D / 00:00:13:000 / top(01) / 00:00:00:000 para Root(00)
Mensaje * / 00:00:13:000 / Root(00) para top(01)
Mensaje * / 00:00:13:000 / top(01) para comparer(02)
Mensaje Y / 00:00:13:000 / comparer(02) / playgame1 /      1.00000 para top(01)
Mensaje Y / 00:00:13:000 / comparer(02) / playgame2 /      1.00000 para top(01)
Mensaje D / 00:00:13:000 / comparer(02) / ... para top(01)
Mensaje X / 00:00:13:000 / top(01) / in /      1.00000 para player1(03)
Mensaje X / 00:00:13:000 / top(01) / in /      1.00000 para player2(06)
Mensaje X / 00:00:13:000 / player1(03) / in /      1.00000 para requestreceiver1(04)
Mensaje X / 00:00:13:000 / player2(06) / in /      1.00000 para requestreceiver2(07)
Mensaje D / 00:00:13:000 / requestreceiver1(04) / 00:00:01:000 para player1(03)
Mensaje D / 00:00:13:000 / requestreceiver2(07) / 00:00:01:000 para player2(06)
Mensaje D / 00:00:13:000 / player1(03) / 00:00:01:000 para top(01)
Mensaje D / 00:00:13:000 / player2(06) / 00:00:01:000 para top(01)
Mensaje D / 00:00:13:000 / top(01) / 00:00:01:000 para Root(00)
Mensaje X / 00:00:13:040 / Root(00) / in /      1.00000 para top(01)
Mensaje X / 00:00:13:040 / top(01) / playgame /      1.00000 para comparer(02)
Mensaje D / 00:00:13:040 / comparer(02) / 00:00:00:000 para top(01)
Mensaje D / 00:00:13:040 / top(01) / 00:00:00:000 para Root(00)
Mensaje * / 00:00:13:040 / Root(00) para top(01)
Mensaje * / 00:00:13:040 / top(01) para comparer(02)
Mensaje Y / 00:00:13:040 / comparer(02) / playgame1 /      1.00000 para top(01)
Mensaje Y / 00:00:13:040 / comparer(02) / playgame2 /      1.00000 para top(01)
Mensaje D / 00:00:13:040 / comparer(02) / ... para top(01)
Mensaje X / 00:00:13:040 / top(01) / in /      1.00000 para player1(03)
Mensaje X / 00:00:13:040 / top(01) / in /      1.00000 para player2(06)
Mensaje X / 00:00:13:040 / player1(03) / in /      1.00000 para requestreceiver1(04)
Mensaje X / 00:00:13:040 / player2(06) / in /      1.00000 para requestreceiver2(07)
Mensaje D / 00:00:13:040 / requestreceiver1(04) / 00:00:01:000 para player1(03)
Mensaje D / 00:00:13:040 / requestreceiver2(07) / 00:00:01:000 para player2(06)
Mensaje D / 00:00:13:040 / player1(03) / 00:00:01:000 para top(01)
Mensaje D / 00:00:13:040 / player2(06) / 00:00:01:000 para top(01)
Mensaje D / 00:00:13:040 / top(01) / 00:00:01:000 para Root(00)
Mensaje * / 00:00:14:040 / Root(00) para top(01)
Mensaje * / 00:00:14:040 / top(01) para player1(03)
Mensaje * / 00:00:14:040 / player1(03) para requestreceiver1(04)
Mensaje Y / 00:00:14:040 / requestreceiver1(04) / out /      1.00000 para player1(03)
Mensaje D / 00:00:14:040 / requestreceiver1(04) / ... para player1(03)
Mensaje X / 00:00:14:040 / player1(03) / in /      1.00000 para actionmaker1(05)
Mensaje D / 00:00:14:040 / actionmaker1(05) / 00:00:00:500 para player1(03)
Mensaje D / 00:00:14:040 / player1(03) / 00:00:00:500 para top(01)
Mensaje D / 00:00:14:040 / top(01) / 00:00:00:000 para Root(00)
Mensaje * / 00:00:14:040 / Root(00) para top(01)
Mensaje * / 00:00:14:040 / top(01) para player2(06)
Mensaje * / 00:00:14:040 / player2(06) para requestreceiver2(07)
Mensaje Y / 00:00:14:040 / requestreceiver2(07) / out /      1.00000 para player2(06)
Mensaje D / 00:00:14:040 / requestreceiver2(07) / ... para player2(06)
Mensaje X / 00:00:14:040 / player2(06) / in /      1.00000 para actionmaker2(08)
Mensaje D / 00:00:14:040 / actionmaker2(08) / 00:00:00:500 para player2(06)
Mensaje D / 00:00:14:040 / player2(06) / 00:00:00:500 para top(01)
Mensaje D / 00:00:14:040 / top(01) / 00:00:00:500 para Root(00)
Mensaje * / 00:00:14:540 / Root(00) para top(01)
Mensaje * / 00:00:14:540 / top(01) para player1(03)
Mensaje * / 00:00:14:540 / player1(03) para actionmaker1(05)
Mensaje Y / 00:00:14:540 / actionmaker1(05) / out /      2.00000 para player1(03)
Mensaje D / 00:00:14:540 / actionmaker1(05) / ... para player1(03)
Mensaje Y / 00:00:14:540 / player1(03) / out /      2.00000 para top(01)
Mensaje D / 00:00:14:540 / player1(03) / ... para top(01)
Mensaje X / 00:00:14:540 / top(01) / gameaction1 /      2.00000 para comparer(02)
Mensaje D / 00:00:14:540 / comparer(02) / 00:00:00:000 para top(01)
Mensaje D / 00:00:14:540 / top(01) / 00:00:00:000 para Root(00)
Mensaje * / 00:00:14:540 / Root(00) para top(01)
Mensaje * / 00:00:14:540 / top(01) para comparer(02)
Mensaje D / 00:00:14:540 / comparer(02) / ... para top(01)
Mensaje D / 00:00:14:540 / top(01) / 00:00:00:000 para Root(00)
Mensaje * / 00:00:14:540 / Root(00) para top(01)
Mensaje * / 00:00:14:540 / top(01) para player2(06)
Mensaje * / 00:00:14:540 / player2(06) para actionmaker2(08)
Mensaje Y / 00:00:14:540 / actionmaker2(08) / out /      1.00000 para player2(06)
Mensaje D / 00:00:14:540 / actionmaker2(08) / ... para player2(06)
Mensaje Y / 00:00:14:540 / player2(06) / out /      1.00000 para top(01)
Mensaje D / 00:00:14:540 / player2(06) / ... para top(01)
Mensaje X / 00:00:14:540 / top(01) / gameaction2 /      1.00000 para comparer(02)
Mensaje D / 00:00:14:540 / comparer(02) / 00:00:00:000 para top(01)
Mensaje D / 00:00:14:540 / top(01) / 00:00:00:000 para Root(00)
Mensaje * / 00:00:14:540 / Root(00) para top(01)
Mensaje * / 00:00:14:540 / top(01) para comparer(02)
Mensaje Y / 00:00:14:540 / comparer(02) / winreport /      1.00000 para top(01)
Mensaje D / 00:00:14:540 / comparer(02) / ... para top(01)
Mensaje Y / 00:00:14:540 / top(01) / out /      1.00000 para Root(00)
Mensaje D / 00:00:14:540 / top(01) / ... para Root(00)
Mensaje X / 00:00:15:000 / Root(00) / in /      1.00000 para top(01)
Mensaje X / 00:00:15:000 / top(01) / playgame /      1.00000 para comparer(02)
Mensaje D / 00:00:15:000 / comparer(02) / 00:00:00:000 para top(01)
Mensaje D / 00:00:15:000 / top(01) / 00:00:00:000 para Root(00)
Mensaje * / 00:00:15:000 / Root(00) para top(01)
Mensaje * / 00:00:15:000 / top(01) para comparer(02)
Mensaje Y / 00:00:15:000 / comparer(02) / playgame1 /      1.00000 para top(01)
Mensaje Y / 00:00:15:000 / comparer(02) / playgame2 /      1.00000 para top(01)
Mensaje D / 00:00:15:000 / comparer(02) / ... para top(01)
Mensaje X / 00:00:15:000 / top(01) / in /      1.00000 para player1(03)
Mensaje X / 00:00:15:000 / top(01) / in /      1.00000 para player2(06)
Mensaje X / 00:00:15:000 / player1(03) / in /      1.00000 para requestreceiver1(04)
Mensaje X / 00:00:15:000 / player2(06) / in /      1.00000 para requestreceiver2(07)
Mensaje D / 00:00:15:000 / requestreceiver1(04) / 00:00:01:000 para player1(03)
Mensaje D / 00:00:15:000 / requestreceiver2(07) / 00:00:01:000 para player2(06)
Mensaje D / 00:00:15:000 / player1(03) / 00:00:01:000 para top(01)
Mensaje D / 00:00:15:000 / player2(06) / 00:00:01:000 para top(01)
Mensaje D / 00:00:15:000 / top(01) / 00:00:01:000 para Root(00)
Mensaje * / 00:00:16:000 / Root(00) para top(01)
Mensaje * / 00:00:16:000 / top(01) para player1(03)
Mensaje * / 00:00:16:000 / player1(03) para requestreceiver1(04)
Mensaje Y / 00:00:16:000 / requestreceiver1(04) / out /      1.00000 para player1(03)
Mensaje D / 00:00:16:000 / requestreceiver1(04) / ... para player1(03)
Mensaje X / 00:00:16:000 / player1(03) / in /      1.00000 para actionmaker1(05)
Mensaje D / 00:00:16:000 / actionmaker1(05) / 00:00:00:500 para player1(03)
Mensaje D / 00:00:16:000 / player1(03) / 00:00:00:500 para top(01)
Mensaje D / 00:00:16:000 / top(01) / 00:00:00:000 para Root(00)
Mensaje * / 00:00:16:000 / Root(00) para top(01)
Mensaje * / 00:00:16:000 / top(01) para player2(06)
Mensaje * / 00:00:16:000 / player2(06) para requestreceiver2(07)
Mensaje Y / 00:00:16:000 / requestreceiver2(07) / out /      1.00000 para player2(06)
Mensaje D / 00:00:16:000 / requestreceiver2(07) / ... para player2(06)
Mensaje X / 00:00:16:000 / player2(06) / in /      1.00000 para actionmaker2(08)
Mensaje D / 00:00:16:000 / actionmaker2(08) / 00:00:00:500 para player2(06)
Mensaje D / 00:00:16:000 / player2(06) / 00:00:00:500 para top(01)
Mensaje D / 00:00:16:000 / top(01) / 00:00:00:500 para Root(00)
Mensaje * / 00:00:16:500 / Root(00) para top(01)
Mensaje * / 00:00:16:500 / top(01) para player1(03)
Mensaje * / 00:00:16:500 / player1(03) para actionmaker1(05)
Mensaje Y / 00:00:16:500 / actionmaker1(05) / out /      1.00000 para player1(03)
Mensaje D / 00:00:16:500 / actionmaker1(05) / ... para player1(03)
Mensaje Y / 00:00:16:500 / player1(03) / out /      1.00000 para top(01)
Mensaje D / 00:00:16:500 / player1(03) / ... para top(01)
Mensaje X / 00:00:16:500 / top(01) / gameaction1 /      1.00000 para comparer(02)
Mensaje D / 00:00:16:500 / comparer(02) / 00:00:00:000 para top(01)
Mensaje D / 00:00:16:500 / top(01) / 00:00:00:000 para Root(00)
Mensaje * / 00:00:16:500 / Root(00) para top(01)
Mensaje * / 00:00:16:500 / top(01) para comparer(02)
Mensaje D / 00:00:16:500 / comparer(02) / ... para top(01)
Mensaje D / 00:00:16:500 / top(01) / 00:00:00:000 para Root(00)
Mensaje * / 00:00:16:500 / Root(00) para top(01)
Mensaje * / 00:00:16:500 / top(01) para player2(06)
Mensaje * / 00:00:16:500 / player2(06) para actionmaker2(08)
Mensaje Y / 00:00:16:500 / actionmaker2(08) / out /      1.00000 para player2(06)
Mensaje D / 00:00:16:500 / actionmaker2(08) / ... para player2(06)
Mensaje Y / 00:00:16:500 / player2(06) / out /      1.00000 para top(01)
Mensaje D / 00:00:16:500 / player2(06) / ... para top(01)
Mensaje X / 00:00:16:500 / top(01) / gameaction2 /      1.00000 para comparer(02)
Mensaje D / 00:00:16:500 / comparer(02) / 00:00:00:000 para top(01)
Mensaje D / 00:00:16:500 / top(01) / 00:00:00:000 para Root(00)
Mensaje * / 00:00:16:500 / Root(00) para top(01)
Mensaje * / 00:00:16:500 / top(01) para comparer(02)
Mensaje Y / 00:00:16:500 / comparer(02) / winreport /      0.00000 para top(01)
Mensaje D / 00:00:16:500 / comparer(02) / ... para top(01)
Mensaje Y / 00:00:16:500 / top(01) / out /      0.00000 para Root(00)
Mensaje D / 00:00:16:500 / top(01) / ... para Root(00)
